13887 [http-nio-8080-exec-2] INFO  AUDITLOG - in: | OperationHistoryController | getAccountHistory | [8]
13908 [http-nio-8080-exec-2] INFO  AUDITLOG - out: | OperationHistoryController | getAccountHistory | [8] | <200 OK OK,[OperationHistoryDto(operationType=TRANSFER_IN, amount=500.00, balanceAfter=1250.00, createdAt=2026-02-21T12:15:42.958188, relatedAccountNumber=12101234567890123456789012), OperationHistoryDto(operationType=TRANSFER_IN, amount=500.00, balanceAfter=750.00, createdAt=2026-02-21T11:45:50.005650, relatedAccountNumber=12101234567890123456789012)],[]>
16:50:10.550 INFO  AUDITLOG - in: | OperationHistoryController | getAccountHistory | [8]
16:50:10.566 INFO  AUDITLOG - out: | OperationHistoryController | getAccountHistory | [8] | <200 OK OK,[OperationHistoryDto(operationType=TRANSFER_IN, amount=500.00, balanceAfter=1250.00, createdAt=2026-02-21T12:15:42.958188, relatedAccountNumber=12101234567890123456789012), OperationHistoryDto(operationType=TRANSFER_IN, amount=500.00, balanceAfter=750.00, createdAt=2026-02-21T11:45:50.005650, relatedAccountNumber=12101234567890123456789012)],[]>
19:24:36.177 INFO  AUDITLOG - in: | AuthController | login | [LoginRequest(email=1.kowalski@example.com, password=11111111)]
19:24:36.374 INFO  AUDITLOG - out: | AuthController | login | [LoginRequest(email=1.kowalski@example.com, password=11111111)] | <200 OK OK,eyJhbGciOiJIUzI1NiJ9.eyJqdGkiOiI3MzE1YTRjYi1iODBhLTRiNDYtOGY5NS1jNGY5NDZjNjlmY2QiLCJzdWIiOiIxLmtvd2Fsc2tpQGV4YW1wbGUuY29tIiwiZW1haWwiOiIxLmtvd2Fsc2tpQGV4YW1wbGUuY29tIiwiaWF0IjoxNzcyMDQzODc2LCJleHAiOjE3NzIwNDc0NzZ9.ZVbUkO-VHx6Kt6G6CQSFlMzL-MUsI2JaLP80b97ZUe0,[]>
19:24:53.824 INFO  AUDITLOG - in: | ExpenseTypeController | addType | [ExpenseCreateDto(name=PALIWO)]
19:24:53.864 INFO  AUDITLOG - out: | ExpenseTypeController | addType | [ExpenseCreateDto(name=PALIWO)] | <201 CREATED Created,ExpenseResponseDto(id=1, name=PALIWO, active=true),[]>
19:25:31.574 INFO  AUDITLOG - in: | ExpenseTypeController | getById | [1]
19:25:31.579 INFO  AUDITLOG - out: | ExpenseTypeController | getById | [1] | <200 OK OK,ExpenseResponseDto(id=1, name=PALIWO, active=true),[]>
19:25:34.898 INFO  AUDITLOG - in: | ExpenseTypeController | getById | [1]
19:25:34.898 INFO  AUDITLOG - out: | ExpenseTypeController | getById | [1] | <200 OK OK,ExpenseResponseDto(id=1, name=PALIWO, active=true),[]>
19:25:41.753 INFO  AUDITLOG - in: | ExpenseTypeController | getById | [12]
19:27:11.562 INFO  AUDITLOG - in: | ExpenseTypeController | getAll | []
19:27:11.562 INFO  AUDITLOG - out: | ExpenseTypeController | getAll | [] | <200 OK OK,[ExpenseResponseDto(id=1, name=PALIWO, active=true)],[]>
19:39:03.099 INFO  AUDITLOG - in: | AuthController | login | [LoginRequest(email=1.kowalski@example.com, password=11111111)]
19:39:03.285 INFO  AUDITLOG - out: | AuthController | login | [LoginRequest(email=1.kowalski@example.com, password=11111111)] | <200 OK OK,eyJhbGciOiJIUzI1NiJ9.eyJqdGkiOiIzNTBjZGJmOC1iYTgxLTQyN2YtYjE3Zi04ZGViY2ViZjc1NWUiLCJzdWIiOiIxLmtvd2Fsc2tpQGV4YW1wbGUuY29tIiwiZW1haWwiOiIxLmtvd2Fsc2tpQGV4YW1wbGUuY29tIiwiaWF0IjoxNzcyMDQ0NzQzLCJleHAiOjE3NzIwNDgzNDN9.HS7wpwcObW4O8fS_N8EnnfSGEquRIWwzqyDtxNv9Iks,[]>
19:39:10.632 INFO  AUDITLOG - in: | AccountController | getAccountById | [7]
19:39:10.656 INFO  AUDITLOG - out: | AccountController | getAccountById | [7] | <200 OK OK,AccountResponseDto(accountHolderName=Standard User Account, accountNumber=12101234567890123456789012, amount=0.00),[]>
19:39:42.521 INFO  AUDITLOG - in: | OperationHistoryController | getAccountHistory | [7]
19:39:42.528 INFO  AUDITLOG - out: | OperationHistoryController | getAccountHistory | [7] | <200 OK OK,[OperationHistoryDto(operationType=TRANSFER_OUT, amount=500.00, balanceAfter=0.00, createdAt=2026-02-21T12:15:42.939805, relatedAccountNumber=56789012345678901234567890), OperationHistoryDto(operationType=TRANSFER_OUT, amount=500.00, balanceAfter=500.00, createdAt=2026-02-21T11:45:50.005650, relatedAccountNumber=56789012345678901234567890), OperationHistoryDto(operationType=WITHDRAW, amount=1000.00, balanceAfter=1000.00, createdAt=2026-02-21T11:42:31.596451, relatedAccountNumber=null), OperationHistoryDto(operationType=DEPOSIT, amount=1000.00, balanceAfter=2000.00, createdAt=2026-02-21T11:42:05.918781, relatedAccountNumber=null)],[]>
19:49:16.663 INFO  AUDITLOG - in: | AuthController | login | [LoginRequest(email=2.kowalski@example.com, password=11111111)]
19:49:16.739 INFO  AUDITLOG - out: | AuthController | login | [LoginRequest(email=2.kowalski@example.com, password=11111111)] | <200 OK OK,eyJhbGciOiJIUzI1NiJ9.eyJqdGkiOiI1MDY2OWQwNS1jYjU4LTQxMWQtOTljYy1jODEzNzhkYTYyMzIiLCJzdWIiOiIyLmtvd2Fsc2tpQGV4YW1wbGUuY29tIiwiZW1haWwiOiIyLmtvd2Fsc2tpQGV4YW1wbGUuY29tIiwiaWF0IjoxNzcyMDQ1MzU2LCJleHAiOjE3NzIwNDg5NTZ9.rtjRk2oZRbANqkCqq0S8Xw1CkATqrdi2_buKoap68C4,[]>
19:49:26.790 INFO  AUDITLOG - in: | AccountController | getAccountByIdToDeposit | [5, AmountDto(amount=100.50)]
19:49:32.440 INFO  AUDITLOG - in: | AccountController | getAccountByIdToDeposit | [4, AmountDto(amount=100.50)]
19:49:36.214 INFO  AUDITLOG - in: | AccountController | getAccountByIdToDeposit | [6, AmountDto(amount=100.50)]
19:49:36.255 INFO  AUDITLOG - out: | AccountController | getAccountByIdToDeposit | [6, AmountDto(amount=100.50)] | <200 OK OK,AccountResponseDto(accountHolderName=Standard User, accountNumber=12345678901234567890123460, amount=1100.50),[]>
19:49:44.751 INFO  AUDITLOG - in: | AccountController | getAccountByIdToDeposit | [6, AmountDto(amount=100.50)]
19:49:44.759 INFO  AUDITLOG - out: | AccountController | getAccountByIdToDeposit | [6, AmountDto(amount=100.50)] | <200 OK OK,AccountResponseDto(accountHolderName=Standard User, accountNumber=12345678901234567890123460, amount=1201.00),[]>
19:49:50.989 INFO  AUDITLOG - in: | AccountController | getAccountByIdToWithdraw | [6, AmountDto(amount=100.50)]
19:49:50.989 INFO  AUDITLOG - out: | AccountController | getAccountByIdToWithdraw | [6, AmountDto(amount=100.50)] | <200 OK OK,AccountResponseDto(accountHolderName=Standard User, accountNumber=12345678901234567890123460, amount=1100.50),[]>
19:49:51.641 INFO  AUDITLOG - in: | AccountController | getAccountByIdToWithdraw | [6, AmountDto(amount=100.50)]
19:49:51.648 INFO  AUDITLOG - out: | AccountController | getAccountByIdToWithdraw | [6, AmountDto(amount=100.50)] | <200 OK OK,AccountResponseDto(accountHolderName=Standard User, accountNumber=12345678901234567890123460, amount=1000.00),[]>
19:55:46.129 INFO  AUDITLOG - in: | OperationHistoryController | assignType | [5, 1]
19:55:46.142 INFO  AUDITLOG - out: | OperationHistoryController | assignType | [5, 1] | <200 OK OK,OperationHistoryDto(operationType=DEPOSIT, amount=100.50, balanceAfter=1297.02, createdAt=2026-02-17T21:17:58.781584, relatedAccountNumber=null, expenseType=ExpenseResponseDto(id=1, name=PALIWO, active=true)),[]>
19:56:35.712 INFO  AUDITLOG - in: | OperationHistoryController | getAccountHistory | [6]
19:56:35.719 INFO  AUDITLOG - out: | OperationHistoryController | getAccountHistory | [6] | <200 OK OK,[OperationHistoryDto(operationType=WITHDRAW, amount=100.50, balanceAfter=1000.00, createdAt=2026-02-25T19:49:51.641571, relatedAccountNumber=null, expenseType=null), OperationHistoryDto(operationType=WITHDRAW, amount=100.50, balanceAfter=1100.50, createdAt=2026-02-25T19:49:50.989473, relatedAccountNumber=null, expenseType=null), OperationHistoryDto(operationType=DEPOSIT, amount=100.50, balanceAfter=1201.00, createdAt=2026-02-25T19:49:44.751341, relatedAccountNumber=null, expenseType=null), OperationHistoryDto(operationType=DEPOSIT, amount=100.50, balanceAfter=1100.50, createdAt=2026-02-25T19:49:36.221716, relatedAccountNumber=null, expenseType=null)],[]>
19:56:43.608 INFO  AUDITLOG - in: | OperationHistoryController | getAccountHistory | [5]
19:56:43.612 INFO  AUDITLOG - out: | OperationHistoryController | getAccountHistory | [5] | <200 OK OK,[OperationHistoryDto(operationType=TRANSFER_OUT, amount=79.50, balanceAfter=0.00, createdAt=2026-02-20T21:54:18.919631, relatedAccountNumber=12345678901234567890123456, expenseType=null), OperationHistoryDto(operationType=TRANSFER_OUT, amount=1400.00, balanceAfter=79.50, createdAt=2026-02-20T21:54:01.859630, relatedAccountNumber=12345678901234567890123456, expenseType=null), OperationHistoryDto(operationType=TRANSFER_OUT, amount=15.00, balanceAfter=1479.50, createdAt=2026-02-20T21:53:44.132413, relatedAccountNumber=12345678901234567890123456, expenseType=null), OperationHistoryDto(operationType=TRANSFER_OUT, amount=3.00, balanceAfter=1494.50, createdAt=2026-02-20T21:49:29.750770, relatedAccountNumber=12345678901234567890123456, expenseType=null), OperationHistoryDto(operationType=TRANSFER_OUT, amount=3.00, balanceAfter=1497.50, createdAt=2026-02-20T21:49:21.687338, relatedAccountNumber=12345678901234567890123456, expenseType=null)],[]>
19:56:49.856 INFO  AUDITLOG - in: | OperationHistoryController | getAccountHistory | [7]
19:56:49.859 INFO  AUDITLOG - out: | OperationHistoryController | getAccountHistory | [7] | <200 OK OK,[OperationHistoryDto(operationType=TRANSFER_OUT, amount=500.00, balanceAfter=0.00, createdAt=2026-02-21T12:15:42.939805, relatedAccountNumber=56789012345678901234567890, expenseType=null), OperationHistoryDto(operationType=TRANSFER_OUT, amount=500.00, balanceAfter=500.00, createdAt=2026-02-21T11:45:50.005650, relatedAccountNumber=56789012345678901234567890, expenseType=null), OperationHistoryDto(operationType=WITHDRAW, amount=1000.00, balanceAfter=1000.00, createdAt=2026-02-21T11:42:31.596451, relatedAccountNumber=null, expenseType=null), OperationHistoryDto(operationType=DEPOSIT, amount=1000.00, balanceAfter=2000.00, createdAt=2026-02-21T11:42:05.918781, relatedAccountNumber=null, expenseType=null)],[]>
19:56:57.063 INFO  AUDITLOG - in: | OperationHistoryController | getAccountHistory | [1]
19:56:57.069 INFO  AUDITLOG - out: | OperationHistoryController | getAccountHistory | [1] | <200 OK OK,[OperationHistoryDto(operationType=TRANSFER_IN, amount=79.50, balanceAfter=2454.02, createdAt=2026-02-20T22:01:04.753239, relatedAccountNumber=12345678901234567890123457, expenseType=null), OperationHistoryDto(operationType=TRANSFER_IN, amount=79.50, balanceAfter=2374.52, createdAt=2026-02-20T21:56:35.776347, relatedAccountNumber=12345678901234567890123457, expenseType=null), OperationHistoryDto(operationType=TRANSFER_IN, amount=79.50, balanceAfter=2295.02, createdAt=2026-02-20T21:54:18.921837, relatedAccountNumber=12345678901234567890123454, expenseType=null), OperationHistoryDto(operationType=TRANSFER_IN, amount=1400.00, balanceAfter=2215.52, createdAt=2026-02-20T21:54:01.860630, relatedAccountNumber=12345678901234567890123454, expenseType=null), OperationHistoryDto(operationType=TRANSFER_IN, amount=15.00, balanceAfter=815.52, createdAt=2026-02-20T21:53:44.151486, relatedAccountNumber=12345678901234567890123454, expenseType=null), OperationHistoryDto(operationType=TRANSFER_IN, amount=3.00, balanceAfter=800.52, createdAt=2026-02-20T21:49:29.751776, relatedAccountNumber=12345678901234567890123454, expenseType=null), OperationHistoryDto(operationType=TRANSFER_IN, amount=3.00, balanceAfter=797.52, createdAt=2026-02-20T21:49:21.689339, relatedAccountNumber=12345678901234567890123454, expenseType=null), OperationHistoryDto(operationType=WITHDRAW, amount=100.50, balanceAfter=794.52, createdAt=2026-02-19T20:12:40.264402, relatedAccountNumber=null, expenseType=null), OperationHistoryDto(operationType=WITHDRAW, amount=100.50, balanceAfter=895.02, createdAt=2026-02-19T20:12:36.494368, relatedAccountNumber=null, expenseType=null), OperationHistoryDto(operationType=WITHDRAW, amount=100.50, balanceAfter=995.52, createdAt=2026-02-19T19:55:33.474565, relatedAccountNumber=null, expenseType=null), OperationHistoryDto(operationType=WITHDRAW, amount=100.50, balanceAfter=1096.02, createdAt=2026-02-17T21:18:10.296673, relatedAccountNumber=null, expenseType=null), OperationHistoryDto(operationType=WITHDRAW, amount=100.50, balanceAfter=1196.52, createdAt=2026-02-17T21:18:09.872008, relatedAccountNumber=null, expenseType=null), OperationHistoryDto(operationType=WITHDRAW, amount=100.50, balanceAfter=1297.02, createdAt=2026-02-17T21:18:09.428078, relatedAccountNumber=null, expenseType=null), OperationHistoryDto(operationType=WITHDRAW, amount=100.50, balanceAfter=1397.52, createdAt=2026-02-17T21:18:08.797911, relatedAccountNumber=null, expenseType=null), OperationHistoryDto(operationType=DEPOSIT, amount=100.50, balanceAfter=1498.02, createdAt=2026-02-17T21:18:03.169036, relatedAccountNumber=null, expenseType=null), OperationHistoryDto(operationType=DEPOSIT, amount=100.50, balanceAfter=1397.52, createdAt=2026-02-17T21:18:02.283853, relatedAccountNumber=null, expenseType=null), OperationHistoryDto(operationType=DEPOSIT, amount=100.50, balanceAfter=1297.02, createdAt=2026-02-17T21:17:58.781584, relatedAccountNumber=null, expenseType=ExpenseResponseDto(id=1, name=PALIWO, active=true)), OperationHistoryDto(operationType=TRANSFER_OUT, amount=146.99, balanceAfter=1196.52, createdAt=2026-02-17T21:14:09.519637, relatedAccountNumber=12345678901234567890123457, expenseType=null), OperationHistoryDto(operationType=TRANSFER_OUT, amount=156.99, balanceAfter=1343.51, createdAt=2026-02-17T21:13:58.183685, relatedAccountNumber=12345678901234567890123457, expenseType=null)],[]>
20:04:32.604 INFO  AUDITLOG - in: | ExpenseTypeController | addType | [ExpenseCreateDto(name=PALIWO)]
20:22:46.693 INFO  AUDITLOG - in: | AuthController | login | [LoginRequest(email=2.kowalski@example.com, password=11111111)]
20:22:46.833 INFO  AUDITLOG - out: | AuthController | login | [LoginRequest(email=2.kowalski@example.com, password=11111111)] | <200 OK OK,eyJhbGciOiJIUzI1NiJ9.eyJqdGkiOiI1MDVjN2QwOC05Nzg1LTQ3MGUtYjhjNi02M2VmMzk1MmZlZmQiLCJzdWIiOiIyLmtvd2Fsc2tpQGV4YW1wbGUuY29tIiwiZW1haWwiOiIyLmtvd2Fsc2tpQGV4YW1wbGUuY29tIiwiaWF0IjoxNzcyOTk3NzY2LCJleHAiOjE3NzMwMDEzNjZ9.xekffUatw6csrmlbNVmqn7nvPT8rtlm-Edidxykhu-k,[]>
20:24:32.145 INFO  AUDITLOG - in: | RaportController | generateFinancialReport | [RaportRequestDto(accountId=1, dateFrom=2023-10-01T00:00, dateTo=2023-10-31T23:59:59)]
20:24:32.172 INFO  AUDITLOG - out: | RaportController | generateFinancialReport | [RaportRequestDto(accountId=1, dateFrom=2023-10-01T00:00, dateTo=2023-10-31T23:59:59)] | <200 OK OK,RaportResponseDto(income=0, expenses=0, balance=0),[]>
20:24:40.430 INFO  AUDITLOG - in: | RaportController | generateFinancialReport | [RaportRequestDto(accountId=5, dateFrom=2023-10-01T00:00, dateTo=2023-10-31T23:59:59)]
20:24:40.432 INFO  AUDITLOG - out: | RaportController | generateFinancialReport | [RaportRequestDto(accountId=5, dateFrom=2023-10-01T00:00, dateTo=2023-10-31T23:59:59)] | <200 OK OK,RaportResponseDto(income=0, expenses=0, balance=0),[]>
20:24:48.569 INFO  AUDITLOG - in: | RaportController | generateFinancialReport | [RaportRequestDto(accountId=5, dateFrom=2023-10-01T00:00, dateTo=2026-10-31T23:59:59)]
20:24:48.572 INFO  AUDITLOG - out: | RaportController | generateFinancialReport | [RaportRequestDto(accountId=5, dateFrom=2023-10-01T00:00, dateTo=2026-10-31T23:59:59)] | <200 OK OK,RaportResponseDto(income=0, expenses=1500, balance=-1500),[]>
20:24:58.182 INFO  AUDITLOG - in: | RaportController | generateFinancialReport | [RaportRequestDto(accountId=1, dateFrom=2023-10-01T00:00, dateTo=2026-10-31T23:59:59)]
20:24:58.192 INFO  AUDITLOG - out: | RaportController | generateFinancialReport | [RaportRequestDto(accountId=1, dateFrom=2023-10-01T00:00, dateTo=2026-10-31T23:59:59)] | <200 OK OK,RaportResponseDto(income=1961, expenses=1007, balance=954),[]>
20:42:29.744 INFO  AUDITLOG - in: | RaportController | generateFinancialReport | [RaportRequestDto(accountId=1, dateFrom=2023-10-01T00:00, dateTo=2026-10-31T23:59:59)]
20:42:29.756 INFO  AUDITLOG - out: | RaportController | generateFinancialReport | [RaportRequestDto(accountId=1, dateFrom=2023-10-01T00:00, dateTo=2026-10-31T23:59:59)] | <200 OK OK,RaportResponseDto(income=1961, expenses=1007, balance=954),[]>
20:45:30.064 INFO  AUDITLOG - in: | RaportController | generateFinancialReport | [RaportRequestDto(accountId=1, dateFrom=2023-10-01T00:00, dateTo=2026-10-31T23:59:59)]
20:45:30.084 INFO  AUDITLOG - out: | RaportController | generateFinancialReport | [RaportRequestDto(accountId=1, dateFrom=2023-10-01T00:00, dateTo=2026-10-31T23:59:59)] | <200 OK OK,RaportResponseDto(income=1961, expenses=1007, balance=954),[]>
20:45:39.361 INFO  AUDITLOG - in: | RaportController | generateFinancialReport | [RaportRequestDto(accountId=0, dateFrom=2023-10-01T00:00, dateTo=2026-10-31T23:59:59)]
20:45:39.365 INFO  AUDITLOG - out: | RaportController | generateFinancialReport | [RaportRequestDto(accountId=0, dateFrom=2023-10-01T00:00, dateTo=2026-10-31T23:59:59)] | <200 OK OK,RaportResponseDto(income=0, expenses=0, balance=0),[]>
20:52:36.490 INFO  AUDITLOG - in: | RaportController | generateFinancialReport | [RaportRequestDto(accountId=1, dateFrom=2023-10-01T00:00, dateTo=2026-10-31T23:59:59)]
20:52:36.540 INFO  AUDITLOG - out: | RaportController | generateFinancialReport | [RaportRequestDto(accountId=1, dateFrom=2023-10-01T00:00, dateTo=2026-10-31T23:59:59)] | <200 OK OK,RaportResponseDto(income=1961, expenses=1007, balance=954),[]>
20:52:41.188 INFO  AUDITLOG - in: | RaportController | generateFinancialReport | [RaportRequestDto(accountId=0, dateFrom=2023-10-01T00:00, dateTo=2026-10-31T23:59:59)]
20:52:44.493 INFO  AUDITLOG - in: | RaportController | generateFinancialReport | [RaportRequestDto(accountId=56, dateFrom=2023-10-01T00:00, dateTo=2026-10-31T23:59:59)]
20:52:48.534 INFO  AUDITLOG - in: | RaportController | generateFinancialReport | [RaportRequestDto(accountId=5, dateFrom=2023-10-01T00:00, dateTo=2026-10-31T23:59:59)]
20:52:48.541 INFO  AUDITLOG - out: | RaportController | generateFinancialReport | [RaportRequestDto(accountId=5, dateFrom=2023-10-01T00:00, dateTo=2026-10-31T23:59:59)] | <200 OK OK,RaportResponseDto(income=0, expenses=1500, balance=-1500),[]>
00:42:40.744 INFO  AUDITLOG - in: | AuthController | login | [LoginRequest(email=2.kowalski@example.com, password=11111111)]
00:42:40.889 INFO  AUDITLOG - out: | AuthController | login | [LoginRequest(email=2.kowalski@example.com, password=11111111)] | <200 OK OK,eyJhbGciOiJIUzI1NiJ9.eyJqdGkiOiI4MWRjZDE5NS04ODAyLTQ0MmUtYWEwMS02OTU0YWQzNWU0MGQiLCJzdWIiOiIyLmtvd2Fsc2tpQGV4YW1wbGUuY29tIiwiZW1haWwiOiIyLmtvd2Fsc2tpQGV4YW1wbGUuY29tIiwiaWF0IjoxNzc0MzA5MzYwLCJleHAiOjE3NzQzMTI5NjB9.heiglMrQKvNJOu1rhD2-UDsTGU-cdOl8VyJDkKQ26jU,[]>
00:43:06.890 INFO  AUDITLOG - in: | OperationHistoryController | getAccountHistory | [7]
00:43:06.923 INFO  AUDITLOG - out: | OperationHistoryController | getAccountHistory | [7] | <200 OK OK,[OperationHistoryDto(operationType=TRANSFER_OUT, amount=500.00, balanceAfter=0.00, createdAt=2026-02-21T12:15:42.939805, relatedAccountNumber=56789012345678901234567890, expenseType=null), OperationHistoryDto(operationType=TRANSFER_OUT, amount=500.00, balanceAfter=500.00, createdAt=2026-02-21T11:45:50.005650, relatedAccountNumber=56789012345678901234567890, expenseType=null), OperationHistoryDto(operationType=WITHDRAW, amount=1000.00, balanceAfter=1000.00, createdAt=2026-02-21T11:42:31.596451, relatedAccountNumber=null, expenseType=null), OperationHistoryDto(operationType=DEPOSIT, amount=1000.00, balanceAfter=2000.00, createdAt=2026-02-21T11:42:05.918781, relatedAccountNumber=null, expenseType=null)],[]>
00:43:16.300 INFO  AUDITLOG - in: | OperationHistoryController | getAccountHistory | [7]
00:43:16.300 INFO  AUDITLOG - out: | OperationHistoryController | getAccountHistory | [7] | <200 OK OK,[OperationHistoryDto(operationType=TRANSFER_OUT, amount=500.00, balanceAfter=0.00, createdAt=2026-02-21T12:15:42.939805, relatedAccountNumber=56789012345678901234567890, expenseType=null), OperationHistoryDto(operationType=TRANSFER_OUT, amount=500.00, balanceAfter=500.00, createdAt=2026-02-21T11:45:50.005650, relatedAccountNumber=56789012345678901234567890, expenseType=null), OperationHistoryDto(operationType=WITHDRAW, amount=1000.00, balanceAfter=1000.00, createdAt=2026-02-21T11:42:31.596451, relatedAccountNumber=null, expenseType=null), OperationHistoryDto(operationType=DEPOSIT, amount=1000.00, balanceAfter=2000.00, createdAt=2026-02-21T11:42:05.918781, relatedAccountNumber=null, expenseType=null)],[]>
00:43:23.132 INFO  AUDITLOG - in: | OperationHistoryController | getAccountHistory | [7]
00:43:23.132 INFO  AUDITLOG - out: | OperationHistoryController | getAccountHistory | [7] | <200 OK OK,[OperationHistoryDto(operationType=TRANSFER_OUT, amount=500.00, balanceAfter=0.00, createdAt=2026-02-21T12:15:42.939805, relatedAccountNumber=56789012345678901234567890, expenseType=null), OperationHistoryDto(operationType=TRANSFER_OUT, amount=500.00, balanceAfter=500.00, createdAt=2026-02-21T11:45:50.005650, relatedAccountNumber=56789012345678901234567890, expenseType=null), OperationHistoryDto(operationType=WITHDRAW, amount=1000.00, balanceAfter=1000.00, createdAt=2026-02-21T11:42:31.596451, relatedAccountNumber=null, expenseType=null), OperationHistoryDto(operationType=DEPOSIT, amount=1000.00, balanceAfter=2000.00, createdAt=2026-02-21T11:42:05.918781, relatedAccountNumber=null, expenseType=null)],[]>
00:43:24.618 INFO  AUDITLOG - in: | OperationHistoryController | getAccountHistory | [7]
00:43:24.620 INFO  AUDITLOG - out: | OperationHistoryController | getAccountHistory | [7] | <200 OK OK,[OperationHistoryDto(operationType=TRANSFER_OUT, amount=500.00, balanceAfter=0.00, createdAt=2026-02-21T12:15:42.939805, relatedAccountNumber=56789012345678901234567890, expenseType=null), OperationHistoryDto(operationType=TRANSFER_OUT, amount=500.00, balanceAfter=500.00, createdAt=2026-02-21T11:45:50.005650, relatedAccountNumber=56789012345678901234567890, expenseType=null), OperationHistoryDto(operationType=WITHDRAW, amount=1000.00, balanceAfter=1000.00, createdAt=2026-02-21T11:42:31.596451, relatedAccountNumber=null, expenseType=null), OperationHistoryDto(operationType=DEPOSIT, amount=1000.00, balanceAfter=2000.00, createdAt=2026-02-21T11:42:05.918781, relatedAccountNumber=null, expenseType=null)],[]>
12:41:06.563 INFO  AUDITLOG - in: | AuthController | login | [LoginRequest(email=2.kowalski@example.com, password=11111111)]
12:41:06.719 INFO  AUDITLOG - out: | AuthController | login | [LoginRequest(email=2.kowalski@example.com, password=11111111)] | <200 OK OK,eyJhbGciOiJIUzI1NiJ9.eyJqdGkiOiIwMWYyZTg2MS0wNmJhLTQ5NjQtODM3MS05Y2E1YWZiODQ1NmMiLCJzdWIiOiIyLmtvd2Fsc2tpQGV4YW1wbGUuY29tIiwiZW1haWwiOiIyLmtvd2Fsc2tpQGV4YW1wbGUuY29tIiwiaWF0IjoxNzc0MzUyNDY2LCJleHAiOjE3NzQzNTYwNjZ9.CUzLVDXcjxKejOh4fXIJCij5PeNz3TBLeSavLP8F-ao,[]>
12:41:15.963 INFO  AUDITLOG - in: | OperationHistoryController | getAccountHistory | [7]
12:41:15.993 INFO  AUDITLOG - out: | OperationHistoryController | getAccountHistory | [7] | <200 OK OK,[OperationHistoryDto(operationType=TRANSFER_OUT, amount=500.00, balanceAfter=0.00, createdAt=2026-02-21T12:15:42.939805, relatedAccountNumber=56789012345678901234567890, expenseType=null), OperationHistoryDto(operationType=TRANSFER_OUT, amount=500.00, balanceAfter=500.00, createdAt=2026-02-21T11:45:50.005650, relatedAccountNumber=56789012345678901234567890, expenseType=null), OperationHistoryDto(operationType=WITHDRAW, amount=1000.00, balanceAfter=1000.00, createdAt=2026-02-21T11:42:31.596451, relatedAccountNumber=null, expenseType=null), OperationHistoryDto(operationType=DEPOSIT, amount=1000.00, balanceAfter=2000.00, createdAt=2026-02-21T11:42:05.918781, relatedAccountNumber=null, expenseType=null)],[]>
20:02:01.479 INFO  AUDITLOG - in: | AuthController | login | [LoginRequest(email=2.kowalski@example.com, password=11111111)]
20:02:01.634 INFO  AUDITLOG - out: | AuthController | login | [LoginRequest(email=2.kowalski@example.com, password=11111111)] | <200 OK OK,eyJhbGciOiJIUzI1NiJ9.eyJqdGkiOiJiMThjNTRlMC1mODI0LTQ4YjEtOGIyYS1iMzQ2OTc1MTlmYmUiLCJzdWIiOiIyLmtvd2Fsc2tpQGV4YW1wbGUuY29tIiwiZW1haWwiOiIyLmtvd2Fsc2tpQGV4YW1wbGUuY29tIiwiaWF0IjoxNzc0ODA3MzIxLCJleHAiOjE3NzQ4MTA5MjF9.8Sk_zc9mQe4XJ2AgA9juc2-Y6T4mf-xFFLHozZi5cnQ,[]>
20:02:04.365 INFO  AUDITLOG - in: | AuthController | login | [LoginRequest(email=2.kowalski@example.com, password=11111111)]
20:02:04.422 INFO  AUDITLOG - out: | AuthController | login | [LoginRequest(email=2.kowalski@example.com, password=11111111)] | <200 OK OK,eyJhbGciOiJIUzI1NiJ9.eyJqdGkiOiI0OGMyNTFlMS00ZTBmLTQyNWItOTA3Zi05ZjllODYzMTk2NjYiLCJzdWIiOiIyLmtvd2Fsc2tpQGV4YW1wbGUuY29tIiwiZW1haWwiOiIyLmtvd2Fsc2tpQGV4YW1wbGUuY29tIiwiaWF0IjoxNzc0ODA3MzI0LCJleHAiOjE3NzQ4MTA5MjR9.39pcePYw76E_YGOKmW9n9Yusy0TGfrYFTr7JD7pFPp8,[]>
20:02:59.092 INFO  AUDITLOG - in: | AuthController | login | [LoginRequest(email=2.kowalski@example.com, password=11111111)]
20:02:59.150 INFO  AUDITLOG - out: | AuthController | login | [LoginRequest(email=2.kowalski@example.com, password=11111111)] | <200 OK OK,eyJhbGciOiJIUzI1NiJ9.eyJqdGkiOiJlMDFmMzRjNy0wYWJkLTRkYzEtYTFiMy1hYmE3MWM3YThkYTEiLCJzdWIiOiIyLmtvd2Fsc2tpQGV4YW1wbGUuY29tIiwiZW1haWwiOiIyLmtvd2Fsc2tpQGV4YW1wbGUuY29tIiwiaWF0IjoxNzc0ODA3Mzc5LCJleHAiOjE3NzQ4MTA5Nzl9.EvIFhj7_CFqQaUtS2mCXWtcS4M_Z-ZSwtHkn7fcB_e0,[]>
20:04:12.773 INFO  AUDITLOG - in: | UserController | addUser | [UserCreateDto(name=Jan, surname=Kowalski, email=jan.kowalski@example.com, password=haslo1234, pesel=12345478901, userAddress=UserAddressDto(street=Warszawska, buildingNumber=12, apartmentNumber=3A, city=Warszawa, postalCode=00-001, country=Polska), roleType=STANDARD_USER)]
20:05:49.144 INFO  AUDITLOG - in: | UserController | addUser | [UserCreateDto(name=Jan, surname=Kowalski, email=kowalski@example.com, password=haslo1234, pesel=12345478901, userAddress=UserAddressDto(street=Warszawska, buildingNumber=12, apartmentNumber=3A, city=Warszawa, postalCode=00-001, country=Polska), roleType=STANDARD_USER)]
20:06:21.983 INFO  AUDITLOG - in: | UserController | addUser | [UserCreateDto(name=Jan, surname=Kowalski, email=kowalski@example.com, password=haslo1234, pesel=11145478901, userAddress=UserAddressDto(street=Warszawska, buildingNumber=12, apartmentNumber=3A, city=Warszawa, postalCode=00-001, country=Polska), roleType=STANDARD_USER)]
20:07:13.735 INFO  AUDITLOG - in: | UserController | addUser | [UserCreateDto(name=Jan, surname=Kowalski, email=kowalski@example.com, password=haslo1234, pesel=11145478901, userAddress=UserAddressDto(street=Warszawska, buildingNumber=12, apartmentNumber=3A, city=Warszawa, postalCode=00-001, country=Polska), roleType=STANDARD_USER)]
20:07:39.807 INFO  AUDITLOG - in: | UserController | addUser | [UserCreateDto(name=Jan, surname=Kowalski, email=kowalski@local.com, password=haslo1234, pesel=11145478333, userAddress=UserAddressDto(street=Warszawska, buildingNumber=12, apartmentNumber=3A, city=Warszawa, postalCode=00-001, country=Polska), roleType=STANDARD_USER)]
20:30:19.683 INFO  AUDITLOG - in: | UserController | addUser | [UserCreateDto(name=Jan, surname=Kowalski, email=kowalski@local.com, password=haslo1234, pesel=11145478333, userAddress=UserAddressDto(street=Warszawska, buildingNumber=12, apartmentNumber=3A, city=Warszawa, postalCode=00-001, country=Polska), roleType=STANDARD_USER)]
20:30:36.279 INFO  AUDITLOG - in: | UserController | addUser | [UserCreateDto(name=Jan, surname=Kowalski, email=kowalski@local.com, password=haslo1234, pesel=22145478333, userAddress=UserAddressDto(street=Warszawska, buildingNumber=12, apartmentNumber=3A, city=Warszawa, postalCode=00-001, country=Polska), roleType=STANDARD_USER)]
20:32:29.355 INFO  AUDITLOG - in: | UserController | addUser | [UserCreateDto(name=Jan, surname=Kowalski, email=kowalski@local.com, password=haslo1234, pesel=22145478333, userAddress=UserAddressDto(street=Warszawska, buildingNumber=12, apartmentNumber=3A, city=Warszawa, postalCode=00-001, country=Polska), roleType=STANDARD_USER)]
20:32:29.487 INFO  AUDITLOG - out: | UserController | addUser | [UserCreateDto(name=Jan, surname=Kowalski, email=kowalski@local.com, password=haslo1234, pesel=22145478333, userAddress=UserAddressDto(street=Warszawska, buildingNumber=12, apartmentNumber=3A, city=Warszawa, postalCode=00-001, country=Polska), roleType=STANDARD_USER)] | <201 CREATED Created,UserResponseDto(id=22, name=Jan, surname=Kowalski, email=kowalski@local.com, pesel=22145478333, userAddress=UserAddressDto(street=Warszawska, buildingNumber=12, apartmentNumber=3A, city=Warszawa, postalCode=00-001, country=Polska)),[]>
22:09:59.688 INFO  AUDITLOG - in: | AuthController | login | [LoginRequest(email=2.kowalski@example.com, password=11111111)]
22:09:59.856 INFO  AUDITLOG - out: | AuthController | login | [LoginRequest(email=2.kowalski@example.com, password=11111111)] | <200 OK OK,eyJhbGciOiJIUzI1NiJ9.eyJqdGkiOiI4NGQ4YjIzMC1kYWFmLTQ4ZTYtYTBjZC1lOTczMWVlMDdkYTgiLCJzdWIiOiIyLmtvd2Fsc2tpQGV4YW1wbGUuY29tIiwiZW1haWwiOiIyLmtvd2Fsc2tpQGV4YW1wbGUuY29tIiwiaWF0IjoxNzc0OTAxMzk5LCJleHAiOjE3NzQ5MDQ5OTl9.sTQbz5FpFXPyHrVGQjSD8x9WWApSGyzKSRkfSXl6EX8,[]>
22:12:30.284 INFO  AUDITLOG - in: | AddressController | getAddress | [c0a80052-9d3a-1e51-819d-3ade701f0000]
22:12:30.292 INFO  AUDITLOG - out: | AddressController | getAddress | [c0a80052-9d3a-1e51-819d-3ade701f0000] | <200 OK OK,UserAddressDto(street=Warszawska, buildingNumber=12, apartmentNumber=3A, city=Warszawa, postalCode=00-001, country=Polska),[]>
22:13:51.258 INFO  AUDITLOG - in: | AddressController | updateAddress | [c0a80052-9d3a-1e51-819d-3ade701f0000, UserAddressDto(street=Warszawska, buildingNumber=15, apartmentNumber=3A, city=Warszawa, postalCode=00-001, country=Polska)]
22:13:51.299 INFO  AUDITLOG - out: | AddressController | updateAddress | [c0a80052-9d3a-1e51-819d-3ade701f0000, UserAddressDto(street=Warszawska, buildingNumber=15, apartmentNumber=3A, city=Warszawa, postalCode=00-001, country=Polska)] | <200 OK OK,UserAddressDto(street=Warszawska, buildingNumber=15, apartmentNumber=3A, city=Warszawa, postalCode=00-001, country=Polska),[]>
22:14:01.128 INFO  AUDITLOG - in: | AddressController | getAddress | [c0a80052-9d3a-1e51-819d-3ade701f0000]
22:14:01.128 INFO  AUDITLOG - out: | AddressController | getAddress | [c0a80052-9d3a-1e51-819d-3ade701f0000] | <200 OK OK,UserAddressDto(street=Warszawska, buildingNumber=15, apartmentNumber=3A, city=Warszawa, postalCode=00-001, country=Polska),[]>
22:14:08.945 INFO  AUDITLOG - in: | AddressController | updateAddress | [c0a80052-9d3a-1e51-819d-3ade701f0000, UserAddressDto(street=Warszawska, buildingNumber=25, apartmentNumber=3A, city=Warszawa, postalCode=00-001, country=Polska)]
22:14:08.948 INFO  AUDITLOG - out: | AddressController | updateAddress | [c0a80052-9d3a-1e51-819d-3ade701f0000, UserAddressDto(street=Warszawska, buildingNumber=25, apartmentNumber=3A, city=Warszawa, postalCode=00-001, country=Polska)] | <200 OK OK,UserAddressDto(street=Warszawska, buildingNumber=25, apartmentNumber=3A, city=Warszawa, postalCode=00-001, country=Polska),[]>
22:16:01.798 INFO  AUDITLOG - in: | AddressController | addNewAddress | [UserAddressDto(street=Katowicka, buildingNumber=25, apartmentNumber=3A, city=Katowice, postalCode=22-311, country=Polska), 22]
22:16:01.837 INFO  AUDITLOG - out: | AddressController | addNewAddress | [UserAddressDto(street=Katowicka, buildingNumber=25, apartmentNumber=3A, city=Katowice, postalCode=22-311, country=Polska), 22] | <201 CREATED Created,UserResponseDto(id=22, name=Jan, surname=Kowalski, email=kowalski@local.com, pesel=22145478333, userAddress=null),[]>
22:17:26.092 INFO  AUDITLOG - in: | UserController | getUserById | [22]
22:17:26.096 INFO  AUDITLOG - out: | UserController | getUserById | [22] | <200 OK OK,UserResponseDto(id=22, name=Jan, surname=Kowalski, email=kowalski@local.com, pesel=22145478333, userAddress=UserAddressDto(street=Katowicka, buildingNumber=25, apartmentNumber=3A, city=Katowice, postalCode=22-311, country=Polska)),[]>
